  Source.cpp
C:\Users\Mansour\Desktop\CellProject\CellProject\Source.cpp(60,21): warning C4244:  'initializing': conversion from 'double' to 'int', possible loss of data
C:\Users\Mansour\Desktop\CellProject\CellProject\Source.cpp(361,9): warning C4244:  'initializing': conversion from 'float' to 'int', possible loss of data
C:\Users\Mansour\Desktop\CellProject\CellProject\Source.cpp(361,33): warning C4244:  'initializing': conversion from 'float' to 'int', possible loss of data
C:\Users\Mansour\Desktop\CellProject\CellProject\Source.cpp(362,9): warning C4244:  'initializing': conversion from 'float' to 'int', possible loss of data
C:\Users\Mansour\Desktop\CellProject\CellProject\Source.cpp(362,33): warning C4244:  'initializing': conversion from 'float' to 'int', possible loss of data
C:\Users\Mansour\Desktop\CellProject\CellProject\Source.cpp(363,9): warning C4244:  'initializing': conversion from 'float' to 'int', possible loss of data
C:\Users\Mansour\Desktop\CellProject\CellProject\Source.cpp(363,33): warning C4244:  'initializing': conversion from 'float' to 'int', possible loss of data
C:\Users\Mansour\Desktop\CellProject\CellProject\Source.cpp(364,9): warning C4244:  'initializing': conversion from 'float' to 'int', possible loss of data
C:\Users\Mansour\Desktop\CellProject\CellProject\Source.cpp(364,33): warning C4244:  'initializing': conversion from 'float' to 'int', possible loss of data
C:\Users\Mansour\Desktop\CellProject\CellProject\Source.cpp(365,9): warning C4244:  'initializing': conversion from 'float' to 'int', possible loss of data
C:\Users\Mansour\Desktop\CellProject\CellProject\Source.cpp(365,33): warning C4244:  'initializing': conversion from 'float' to 'int', possible loss of data
C:\Users\Mansour\Desktop\CellProject\CellProject\Source.cpp(366,9): warning C4244:  'initializing': conversion from 'float' to 'int', possible loss of data
C:\Users\Mansour\Desktop\CellProject\CellProject\Source.cpp(366,33): warning C4244:  'initializing': conversion from 'float' to 'int', possible loss of data
C:\Users\Mansour\Desktop\CellProject\CellProject\Source.cpp(367,9): warning C4244:  'initializing': conversion from 'float' to 'int', possible loss of data
C:\Users\Mansour\Desktop\CellProject\CellProject\Source.cpp(367,33): warning C4244:  'initializing': conversion from 'float' to 'int', possible loss of data
C:\Users\Mansour\Desktop\CellProject\CellProject\Source.cpp(368,9): warning C4244:  'initializing': conversion from 'float' to 'int', possible loss of data
C:\Users\Mansour\Desktop\CellProject\CellProject\Source.cpp(368,33): warning C4244:  'initializing': conversion from 'float' to 'int', possible loss of data
C:\Users\Mansour\Desktop\CellProject\CellProject\Source.cpp(369,9): warning C4244:  'initializing': conversion from 'float' to 'int', possible loss of data
C:\Users\Mansour\Desktop\CellProject\CellProject\Source.cpp(369,33): warning C4244:  'initializing': conversion from 'float' to 'int', possible loss of data
C:\Users\Mansour\Desktop\CellProject\CellProject\Source.cpp(740,21): warning C4244:  '=': conversion from 'float' to 'int', possible loss of data
C:\Users\Mansour\Desktop\CellProject\CellProject\Source.cpp(740,43): warning C4244:  '=': conversion from 'float' to 'int', possible loss of data
C:\Users\Mansour\Desktop\CellProject\CellProject\Source.cpp(741,21): warning C4244:  '=': conversion from 'float' to 'int', possible loss of data
C:\Users\Mansour\Desktop\CellProject\CellProject\Source.cpp(741,43): warning C4244:  '=': conversion from 'float' to 'int', possible loss of data
C:\Users\Mansour\Desktop\CellProject\CellProject\Source.cpp(742,21): warning C4244:  '=': conversion from 'float' to 'int', possible loss of data
C:\Users\Mansour\Desktop\CellProject\CellProject\Source.cpp(742,43): warning C4244:  '=': conversion from 'float' to 'int', possible loss of data
C:\Users\Mansour\Desktop\CellProject\CellProject\Source.cpp(747,21): warning C4244:  '=': conversion from 'float' to 'int', possible loss of data
C:\Users\Mansour\Desktop\CellProject\CellProject\Source.cpp(747,43): warning C4244:  '=': conversion from 'float' to 'int', possible loss of data
C:\Users\Mansour\Desktop\CellProject\CellProject\Source.cpp(748,21): warning C4244:  '=': conversion from 'float' to 'int', possible loss of data
C:\Users\Mansour\Desktop\CellProject\CellProject\Source.cpp(748,43): warning C4244:  '=': conversion from 'float' to 'int', possible loss of data
C:\Users\Mansour\Desktop\CellProject\CellProject\Source.cpp(749,21): warning C4244:  '=': conversion from 'float' to 'int', possible loss of data
C:\Users\Mansour\Desktop\CellProject\CellProject\Source.cpp(749,43): warning C4244:  '=': conversion from 'float' to 'int', possible loss of data
C:\Users\Mansour\Desktop\CellProject\CellProject\Source.cpp(754,21): warning C4244:  '=': conversion from 'float' to 'int', possible loss of data
C:\Users\Mansour\Desktop\CellProject\CellProject\Source.cpp(754,43): warning C4244:  '=': conversion from 'float' to 'int', possible loss of data
C:\Users\Mansour\Desktop\CellProject\CellProject\Source.cpp(755,21): warning C4244:  '=': conversion from 'float' to 'int', possible loss of data
C:\Users\Mansour\Desktop\CellProject\CellProject\Source.cpp(755,43): warning C4244:  '=': conversion from 'float' to 'int', possible loss of data
C:\Users\Mansour\Desktop\CellProject\CellProject\Source.cpp(756,21): warning C4244:  '=': conversion from 'float' to 'int', possible loss of data
C:\Users\Mansour\Desktop\CellProject\CellProject\Source.cpp(756,43): warning C4244:  '=': conversion from 'float' to 'int', possible loss of data
C:\Users\Mansour\Desktop\CellProject\CellProject\Source.cpp(761,21): warning C4244:  '=': conversion from 'float' to 'int', possible loss of data
C:\Users\Mansour\Desktop\CellProject\CellProject\Source.cpp(761,43): warning C4244:  '=': conversion from 'float' to 'int', possible loss of data
C:\Users\Mansour\Desktop\CellProject\CellProject\Source.cpp(762,21): warning C4244:  '=': conversion from 'float' to 'int', possible loss of data
C:\Users\Mansour\Desktop\CellProject\CellProject\Source.cpp(762,43): warning C4244:  '=': conversion from 'float' to 'int', possible loss of data
C:\Users\Mansour\Desktop\CellProject\CellProject\Source.cpp(763,21): warning C4244:  '=': conversion from 'float' to 'int', possible loss of data
C:\Users\Mansour\Desktop\CellProject\CellProject\Source.cpp(763,43): warning C4244:  '=': conversion from 'float' to 'int', possible loss of data
C:\Users\Mansour\Desktop\CellProject\CellProject\Source.cpp(768,21): warning C4244:  '=': conversion from 'float' to 'int', possible loss of data
C:\Users\Mansour\Desktop\CellProject\CellProject\Source.cpp(768,43): warning C4244:  '=': conversion from 'float' to 'int', possible loss of data
C:\Users\Mansour\Desktop\CellProject\CellProject\Source.cpp(769,21): warning C4244:  '=': conversion from 'float' to 'int', possible loss of data
C:\Users\Mansour\Desktop\CellProject\CellProject\Source.cpp(769,43): warning C4244:  '=': conversion from 'float' to 'int', possible loss of data
C:\Users\Mansour\Desktop\CellProject\CellProject\Source.cpp(770,21): warning C4244:  '=': conversion from 'float' to 'int', possible loss of data
C:\Users\Mansour\Desktop\CellProject\CellProject\Source.cpp(770,43): warning C4244:  '=': conversion from 'float' to 'int', possible loss of data
C:\Users\Mansour\Desktop\CellProject\CellProject\Source.cpp(775,21): warning C4244:  '=': conversion from 'float' to 'int', possible loss of data
C:\Users\Mansour\Desktop\CellProject\CellProject\Source.cpp(775,43): warning C4244:  '=': conversion from 'float' to 'int', possible loss of data
C:\Users\Mansour\Desktop\CellProject\CellProject\Source.cpp(776,21): warning C4244:  '=': conversion from 'float' to 'int', possible loss of data
C:\Users\Mansour\Desktop\CellProject\CellProject\Source.cpp(776,43): warning C4244:  '=': conversion from 'float' to 'int', possible loss of data
C:\Users\Mansour\Desktop\CellProject\CellProject\Source.cpp(777,21): warning C4244:  '=': conversion from 'float' to 'int', possible loss of data
C:\Users\Mansour\Desktop\CellProject\CellProject\Source.cpp(777,43): warning C4244:  '=': conversion from 'float' to 'int', possible loss of data
C:\Users\Mansour\Desktop\CellProject\CellProject\Source.cpp(782,21): warning C4244:  '=': conversion from 'float' to 'int', possible loss of data
C:\Users\Mansour\Desktop\CellProject\CellProject\Source.cpp(782,43): warning C4244:  '=': conversion from 'float' to 'int', possible loss of data
C:\Users\Mansour\Desktop\CellProject\CellProject\Source.cpp(783,21): warning C4244:  '=': conversion from 'float' to 'int', possible loss of data
C:\Users\Mansour\Desktop\CellProject\CellProject\Source.cpp(783,43): warning C4244:  '=': conversion from 'float' to 'int', possible loss of data
C:\Users\Mansour\Desktop\CellProject\CellProject\Source.cpp(784,21): warning C4244:  '=': conversion from 'float' to 'int', possible loss of data
C:\Users\Mansour\Desktop\CellProject\CellProject\Source.cpp(784,43): warning C4244:  '=': conversion from 'float' to 'int', possible loss of data
C:\Users\Mansour\Desktop\CellProject\CellProject\Source.cpp(789,21): warning C4244:  '=': conversion from 'float' to 'int', possible loss of data
C:\Users\Mansour\Desktop\CellProject\CellProject\Source.cpp(789,43): warning C4244:  '=': conversion from 'float' to 'int', possible loss of data
C:\Users\Mansour\Desktop\CellProject\CellProject\Source.cpp(790,21): warning C4244:  '=': conversion from 'float' to 'int', possible loss of data
C:\Users\Mansour\Desktop\CellProject\CellProject\Source.cpp(790,43): warning C4244:  '=': conversion from 'float' to 'int', possible loss of data
C:\Users\Mansour\Desktop\CellProject\CellProject\Source.cpp(791,21): warning C4244:  '=': conversion from 'float' to 'int', possible loss of data
C:\Users\Mansour\Desktop\CellProject\CellProject\Source.cpp(791,43): warning C4244:  '=': conversion from 'float' to 'int', possible loss of data
C:\Users\Mansour\Desktop\CellProject\CellProject\Source.cpp(649,9): warning C4101:  'global': unreferenced local variable
  CellProject.vcxproj -> C:\Users\Mansour\Desktop\CellProject\Debug\CellProject.exe
